<?xml version="1.0" encoding="UTF-8"?><testsuite errors="0" failures="1" name="Login" skipped="0" tests="1" time="27.22" timestamp="2022-09-09 09:07:27"><testcase name="Successful Login"><failure message="&#10;Expected: an element that is visible&#10;     but: no matching element found by id: ember394" type="java.lang.AssertionError">
Expected: an element that is visible
     but: no matching element found by id: ember394</failure><system-err>
Expected: an element that is visible
     but: no matching element found by id: ember394&#13;
com.speedup.qa.questions.Login.answeredBy(Login.java:16)&#13;
com.speedup.qa.questions.Login.answeredBy(Login.java:11)&#13;
com.speedup.qa.stepsdefinitions.LoginStepDefinition.willEnterTheWebAlreadyWithTheUser(LoginStepDefinition.java:45)&#13;
cucumber.runner.Runner.runPickle(Runner.java:80)&#13;
</system-err></testcase></testsuite>