<?xml version="1.0" encoding="UTF-8"?><testsuite errors="0" failures="1" name="Enter position" skipped="0" tests="1" time="17.2" timestamp="2022-09-09 02:25:12"><testcase name="Register a new charge"><failure message="Expected enabled element was not enabled" type="net.thucydides.core.webdriver.exceptions.ElementShouldBeEnabledException">Expected enabled element was not enabled</failure><system-err>Expected enabled element was not enabled&#13;
com.speedup.qa.task.NewCharge.performAs(NewCharge.java:16)&#13;
com.speedup.qa.stepsdefinitions.newChargeStepDefinition.addTheNewJob(newChargeStepDefinition.java:12)&#13;
cucumber.runner.Runner.runPickle(Runner.java:80)&#13;
</system-err></testcase></testsuite>